<?xml version="1.0" encoding="UTF-8"?>
<testng-results ignored="0" total="2" passed="2" failed="0" skipped="0">
  <reporter-output>
  </reporter-output>
  <suite started-at="2023-03-14T14:21:45 EDT" name="Default Suite" finished-at="2023-03-14T14:21:45 EDT" duration-ms="33">
    <groups>
    </groups>
    <test started-at="2023-03-14T14:21:45 EDT" name="TestNG_MVN_01" finished-at="2023-03-14T14:21:45 EDT" duration-ms="33">
      <class name="TestCases">
        <test-method signature="test2()[pri:1, instance:TestCases@226a82c4]" started-at="2023-03-14T14:21:45 EDT" name="test2" finished-at="2023-03-14T14:21:45 EDT" duration-ms="4" status="PASS">
          <reporter-output>
          </reporter-output>
        </test-method> <!-- test2 -->
        <test-method signature="test1()[pri:2, instance:TestCases@226a82c4]" started-at="2023-03-14T14:21:45 EDT" name="test1" finished-at="2023-03-14T14:21:45 EDT" duration-ms="0" status="PASS">
          <reporter-output>
          </reporter-output>
        </test-method> <!-- test1 -->
      </class> <!-- TestCases -->
    </test> <!-- TestNG_MVN_01 -->
  </suite> <!-- Default Suite -->
</testng-results>
